<?xml version="1.0" encoding="UTF-8"?>
<!-- Generated by org.testng.reporters.JUnitReportReporter -->
<testsuite skipped="0" hostname="ABHA-SINGH-LP" name="com.ph.testcases.Ordercreationapi" tests="2" failures="0" timestamp="03 May 2019 06:13:05 GMT" time="406.119" errors="0">
  <testcase name="createrepairorder" time="406.108" classname="com.ph.testcases.Ordercreationapi"/>
  <testcase name="arcFlow" time="0.011" classname="com.ph.testcases.Ordercreationapi"/>
</testsuite> <!-- com.ph.testcases.Ordercreationapi -->
